<?xml version="1.0" encoding="UTF-8"?>
<!-- Generated by org.testng.reporters.JUnitReportReporter -->
<testsuite hostname="Jenifer-Jayaraj" failures="0" tests="1" name="Testcase.Tc_001_Reg" time="11.015" errors="0" timestamp="2023-10-19T11:34:12 IST" skipped="0">
  <testcase classname="Testcase.Tc_001_Reg" name="testaccountReg" time="11.015"/>
</testsuite> <!-- Testcase.Tc_001_Reg -->
