<?xml version="1.0" encoding="UTF-8"?>
<!-- Generated by org.testng.reporters.JUnitReportReporter -->
<testsuite hostname="Jenifer-Jayaraj" failures="0" tests="1" name="Testcase.Tc_001_Reg" time="10.828" errors="0" timestamp="2023-10-22T01:25:49 IST" skipped="0">
  <testcase classname="Testcase.Tc_001_Reg" name="testaccountReg" time="10.828"/>
  <system-out/>
</testsuite> <!-- Testcase.Tc_001_Reg -->
